<?xml version="1.0" encoding="utf-8"?><testsuites><testsuite name="pytest" errors="0" failures="0" skipped="0" tests="2" time="6.892" timestamp="2023-07-10T14:59:10.928065" hostname="e06bc6e91a18"><testcase classname="tests.general_test.Test_General" name="test_imports" time="0.001" /><testcase classname="tests.general_test.Test_General" name="test_central_processing" time="0.261" /></testsuite></testsuites>