<?xml version="1.0" encoding="utf-8"?><testsuites><testsuite name="pytest" errors="0" failures="0" skipped="0" tests="2" time="7.319" timestamp="2023-07-10T11:19:56.898439" hostname="9288a9986e6f"><testcase classname="tests.general_test.Test_General" name="test_imports" time="0.001" /><testcase classname="tests.general_test.Test_General" name="test_central_processing" time="0.230" /></testsuite></testsuites>