<?xml version="1.0" encoding="utf-8"?><testsuites><testsuite name="pytest" errors="0" failures="0" skipped="0" tests="2" time="5.226" timestamp="2023-07-24T14:34:55.934077" hostname="f1a8fb029081"><testcase classname="tests.general_test.Test_General" name="test_imports" time="0.001" /><testcase classname="tests.general_test.Test_General" name="test_central_processing" time="0.797" /></testsuite></testsuites>