<?xml version="1.0" encoding="utf-8"?><testsuites><testsuite name="pytest" errors="1" failures="0" skipped="0" tests="1" time="2.362" timestamp="2023-07-25T10:53:57.598531" hostname="neomedsys.test"><testcase classname="" name="tests.general_test" time="0.000"><error message="collection failure">../../../.cache/pypoetry/virtualenvs/gingerbread-12jmaeNf-py3.10/lib/python3.10/site-packages/_pytest/runner.py:341: in from_call
    result: Optional[TResult] = func()
../../../.cache/pypoetry/virtualenvs/gingerbread-12jmaeNf-py3.10/lib/python3.10/site-packages/_pytest/runner.py:372: in &lt;lambda&gt;
    call = CallInfo.from_call(lambda: list(collector.collect()), "collect")
../../../.cache/pypoetry/virtualenvs/gingerbread-12jmaeNf-py3.10/lib/python3.10/site-packages/_pytest/python.py:531: in collect
    self._inject_setup_module_fixture()
../../../.cache/pypoetry/virtualenvs/gingerbread-12jmaeNf-py3.10/lib/python3.10/site-packages/_pytest/python.py:545: in _inject_setup_module_fixture
    self.obj, ("setUpModule", "setup_module")
../../../.cache/pypoetry/virtualenvs/gingerbread-12jmaeNf-py3.10/lib/python3.10/site-packages/_pytest/python.py:310: in obj
    self._obj = obj = self._getobj()
../../../.cache/pypoetry/virtualenvs/gingerbread-12jmaeNf-py3.10/lib/python3.10/site-packages/_pytest/python.py:528: in _getobj
    return self._importtestmodule()
../../../.cache/pypoetry/virtualenvs/gingerbread-12jmaeNf-py3.10/lib/python3.10/site-packages/_pytest/python.py:617: in _importtestmodule
    mod = import_path(self.path, mode=importmode, root=self.config.rootpath)
../../../.cache/pypoetry/virtualenvs/gingerbread-12jmaeNf-py3.10/lib/python3.10/site-packages/_pytest/pathlib.py:565: in import_path
    importlib.import_module(module_name)
/home/linuxbrew/.linuxbrew/opt/python@3.10/lib/python3.10/importlib/__init__.py:126: in import_module
    return _bootstrap._gcd_import(name[level:], package, level)
&lt;frozen importlib._bootstrap&gt;:1050: in _gcd_import
    ???
&lt;frozen importlib._bootstrap&gt;:1027: in _find_and_load
    ???
&lt;frozen importlib._bootstrap&gt;:1006: in _find_and_load_unlocked
    ???
&lt;frozen importlib._bootstrap&gt;:688: in _load_unlocked
    ???
../../../.cache/pypoetry/virtualenvs/gingerbread-12jmaeNf-py3.10/lib/python3.10/site-packages/_pytest/assertion/rewrite.py:178: in exec_module
    exec(co, module.__dict__)
/gingerbread/tests/general_test.py:6: in &lt;module&gt;
    ???
data_download.py:1: in &lt;module&gt;
    from pymedquery import pymq
../../../.cache/pypoetry/virtualenvs/gingerbread-12jmaeNf-py3.10/lib/python3.10/site-packages/pymedquery/pymq.py:1: in &lt;module&gt;
    from pymedquery.pg_crud_handler import CRUD
../../../.cache/pypoetry/virtualenvs/gingerbread-12jmaeNf-py3.10/lib/python3.10/site-packages/pymedquery/pg_crud_handler.py:17: in &lt;module&gt;
    from pymedquery.config.logger_object import Logger
../../../.cache/pypoetry/virtualenvs/gingerbread-12jmaeNf-py3.10/lib/python3.10/site-packages/pymedquery/config/logger_object.py:1: in &lt;module&gt;
    from pymedquery.config.logger import get_logger
../../../.cache/pypoetry/virtualenvs/gingerbread-12jmaeNf-py3.10/lib/python3.10/site-packages/pymedquery/config/logger.py:85: in &lt;module&gt;
    file_handler = logging.FileHandler(FILE_PATH)
/home/linuxbrew/.linuxbrew/opt/python@3.10/lib/python3.10/logging/__init__.py:1169: in __init__
    StreamHandler.__init__(self, self._open())
/home/linuxbrew/.linuxbrew/opt/python@3.10/lib/python3.10/logging/__init__.py:1201: in _open
    return open_func(self.baseFilename, self.mode,
E   PermissionError: [Errno 13] Permission denied: '/home/martin/Documents/github_gingerbread/gingerbread_sc/docs/logs/level_errors_logs.log'</error></testcase></testsuite></testsuites>